docs/screenshots/godot-android-34463877910/build-evidence/godot-comparison-builds/godot/qualification/build/modules/androidHost/outputs/mapping/release/configuration.txt
# The proguard configuration file for the following section is Android Gradle plugin 9.3.1 (extracted file: /home/runner/work/PartyDeck/PartyDeck/godot/qualification/build/modules/androidHost/intermediates/default_proguard_files/global/proguard-android-optimize.txt-9.3.1)
# This is a configuration file for ProGuard.
# http://proguard.sourceforge.net/index.html#manual/usage.html
#
# Starting with version 2.2 of the Android plugin for Gradle, this file is distributed together with
# the plugin and unpacked at build-time. The files in $ANDROID_HOME are no longer maintained and
# will be ignored by new version of the Android plugin for Gradle.

# Optimizations: If you don't want to optimize, use the proguard-android.txt configuration file
# instead of this one, which turns off the optimization flags.
-allowaccessmodification

# Preserve some attributes that may be required for reflection.
-keepattributes AnnotationDefault,
                EnclosingMethod,
                InnerClasses,
                RuntimeVisibleAnnotations,
                RuntimeVisibleParameterAnnotations,
                RuntimeVisibleTypeAnnotations,
                Signature

-keep public class com.google.vending.licensing.ILicensingService
-keep public class com.android.vending.licensing.ILicensingService
-keep public class com.google.android.vending.licensing.ILicensingService
-dontnote com.android.vending.licensing.ILicensingService
-dontnote com.google.vending.licensing.ILicensingService
-dontnote com.google.android.vending.licensing.ILicensingService

# For native methods, see https://www.guardsquare.com/manual/configuration/examples#native
-keepclasseswithmembernames,includedescriptorclasses class * {
    native <methods>;
}

# Keep setters in Views so that animations can still work.
-keepclassmembers public class * extends android.view.View {
    void set*(***);
    *** get*();
}

# We want to keep methods in Activity that could be used in the XML attribute onClick.
-keepclassmembers class * extends android.app.Activity {
    public void *(android.view.View);
}

# For enumeration classes, see https://www.guardsquare.com/manual/configuration/examples#enumerations
-keepclassmembers enum * {
    public static **[] values();
    public static ** valueOf(java.lang.String);
}

-keepclassmembers class * implements android.os.Parcelable {
    public static final ** CREATOR;
}

# Preserve annotated Javascript interface methods.
-keepclassmembers class * {
    @android.webkit.JavascriptInterface <methods>;
}

# The support libraries contains references to newer platform versions.
# Don't warn about those in case this app is linking against an older
# platform version. We know about them, and they are safe.
-dontnote android.support.**
-dontnote androidx.**
-dontwarn android.support.**
-dontwarn androidx.**

# Understand the @Keep support annotation.
-keep class android.support.annotation.Keep

-keep @android.support.annotation.Keep class * {*;}

-keepclasseswithmembers class * {
    @android.support.annotation.Keep <methods>;
}

-keepclasseswithmembers class * {
    @android.support.annotation.Keep <fields>;
}

-keepclasseswithmembers class * {
    @android.support.annotation.Keep <init>(...);
}

# These classes are duplicated between android.jar and org.apache.http.legacy.jar.
-dontnote org.apache.http.**
-dontnote android.net.http.**

# These classes are duplicated between android.jar and core-lambda-stubs.jar.
-dontnote java.lang.invoke.**

# End of content from Android Gradle plugin 9.3.1 (extracted file: /home/runner/work/PartyDeck/PartyDeck/godot/qualification/build/modules/androidHost/intermediates/default_proguard_files/global/proguard-android-optimize.txt-9.3.1)
# The proguard configuration file for the following section is godot/android-host/proguard-rules.pro
# Shared plugin reflection rules are supplied by androidRenderer's consumer rules.

# End of content from godot/android-host/proguard-rules.pro
# The proguard configuration file for the following section is Local project :::androidRenderer (extracted file: /home/runner/work/PartyDeck/PartyDeck/godot/qualification/build/modules/androidRenderer/intermediates/consumer_proguard_dir/release/exportReleaseConsumerProguardFiles/lib0/proguard.txt)
# GodotPlugin registration reflects methods and their runtime annotations.
-keepattributes RuntimeVisibleAnnotations
-keepclassmembers class dev.partydeck.godot.android.PartyDeckBridgePlugin {
    @org.godotengine.godot.plugin.UsedByGodot <methods>;
}

# End of content from Local project :::androidRenderer (extracted file: /home/runner/work/PartyDeck/PartyDeck/godot/qualification/build/modules/androidRenderer/intermediates/consumer_proguard_dir/release/exportReleaseConsumerProguardFiles/lib0/proguard.txt)
# The proguard configuration file for the following section is androidx.fragment:fragment:1.8.6 (extracted file: /home/runner/.gradle/caches/9.7.0/transforms/e64809cabef5c00fae6cfcf078906762/transformed/fragment-1.8.6/proguard.txt)
# Copyright (C) 2020 The Android Open Source Project
#
# Licensed under the Apache License, Version 2.0 (the "License");
# you may not use this file except in compliance with the License.
# You may obtain a copy of the License at
#
#      http://www.apache.org/licenses/LICENSE-2.0
#
# Unless required by applicable law or agreed to in writing, software
# distributed under the License is distributed on an "AS IS" BASIS,
# WITHOUT WARRANTIES OR CONDITIONS OF ANY KIND, either express or implied.
# See the License for the specific language governing permissions and
# limitations under the License.

# The default FragmentFactory creates Fragment instances using reflection
-if public class ** extends androidx.fragment.app.Fragment
-keepclasseswithmembers,allowobfuscation public class <1> {
    public <init>();
}

# FragmentTransition will reflectively lookup:
# androidx.transition.FragmentTransitionSupport
# We should ensure that we keep the constructor if the code using this is alive
-if class androidx.fragment.app.FragmentTransition {
   private static androidx.fragment.app.FragmentTransitionImpl resolveSupportImpl();
}
-keep class androidx.transition.FragmentTransitionSupport {
    public <init>();
}

# End of content from androidx.fragment:fragment:1.8.6 (extracted file: /home/runner/.gradle/caches/9.7.0/transforms/e64809cabef5c00fae6cfcf078906762/transformed/fragment-1.8.6/proguard.txt)
# The proguard configuration file for the following section is org.jetbrains.kotlinx:kotlinx-serialization-core-jvm:1.11.0 (extracted file: /home/runner/.gradle/caches/9.7.0/transforms/c798714888b29aa0e8a37aee8c1f8ba6/transformed/shrink-rules/lib/META-INF/com.android.tools/r8/kotlinx-serialization-r8.pro)
# Rule to save runtime annotations on serializable class.
# If the R8 full mode is used, annotations are removed from classes-files.
#
# For the annotation serializer, it is necessary to read the `Serializable` annotation inside the serializer<T>() function - if it is present,
# then `SealedClassSerializer` is used, if absent, then `PolymorphicSerializer'.
#
# When using R8 full mode, all interfaces will be serialized using `PolymorphicSerializer`.
#
# see https://github.com/Kotlin/kotlinx.serialization/issues/2050

 -if @kotlinx.serialization.Serializable class **
 -keep, allowshrinking, allowoptimization, allowobfuscation, allowaccessmodification class <1>

# Rule to save runtime annotations on named companion class.
# If the R8 full mode is used, annotations are removed from classes-files.
-if @kotlinx.serialization.internal.NamedCompanion class *
-keep, allowshrinking, allowoptimization, allowobfuscation, allowaccessmodification class <1>

# Rule to save INSTANCE field and serializer function for Kotlin serializable objects.
#
# R8 full mode works differently if the instance is not explicitly accessed in the code.
#
# see https://github.com/Kotlin/kotlinx.serialization/issues/2861
# see https://issuetracker.google.com/issues/379996140

-keepclassmembers @kotlinx.serialization.Serializable class ** {
    public static ** INSTANCE;
    kotlinx.serialization.KSerializer serializer(...);
}

# End of content from org.jetbrains.kotlinx:kotlinx-serialization-core-jvm:1.11.0 (extracted file: /home/runner/.gradle/caches/9.7.0/transforms/c798714888b29aa0e8a37aee8c1f8ba6/transformed/shrink-rules/lib/META-INF/com.android.tools/r8/kotlinx-serialization-r8.pro)
# The proguard configuration file for the following section is org.jetbrains.kotlinx:kotlinx-serialization-core-jvm:1.11.0 (extracted file: /home/runner/.gradle/caches/9.7.0/transforms/c798714888b29aa0e8a37aee8c1f8ba6/transformed/shrink-rules/lib/META-INF/com.android.tools/r8/kotlinx-serialization-common.pro)
# Keep `Companion` object field of serializable classes.
# This avoids serializer lookup through `getDeclaredClasses` as done for named companion objects.
 -keepclassmembers @kotlinx.serialization.Serializable class ** {
    static ** Companion;
 }

# Keep names for named companion object from obfuscation
# Names of a class and of a field are important in lookup of named companion in runtime
-if @kotlinx.serialization.internal.NamedCompanion class *
-keepclassmembers class * {
    static <1> *;
}

# Keep `serializer()` on companion objects (both default and named) of serializable classes.
-if @kotlinx.serialization.Serializable class ** {
    static **$* *;
}
-keepclassmembers class <2>$<3> {
    kotlinx.serialization.KSerializer serializer(...);
}

# Keep `INSTANCE.serializer()` of serializable objects.
-if @kotlinx.serialization.Serializable class ** {
    public static ** INSTANCE;
}
-keepclassmembers class <1> {
    public static <1> INSTANCE;
    kotlinx.serialization.KSerializer serializer(...);
}

# @Serializable and @Polymorphic are used at runtime for polymorphic serialization.
-keepattributes RuntimeVisibleAnnotations,AnnotationDefault

# Don't print notes about potential mistakes or omissions in the configuration for kotlinx-serialization classes
# See also https://github.com/Kotlin/kotlinx.serialization/issues/1900
-dontnote kotlinx.serialization.**
# Serialization core uses `java.lang.ClassValue` for caching inside these specified classes.
# If there is no `java.lang.ClassValue` (for example, in Android), then R8/ProGuard will print a warning.
# However, since in this case they will not be used, we can disable these warnings
-dontwarn kotlinx.serialization.internal.ClassValueReferences

# disable optimisation for descriptor field because in some versions of ProGuard, optimization generates incorrect bytecode that causes a verification error
# see https://github.com/Kotlin/kotlinx.serialization/issues/2719
-keepclassmembers public class **$$serializer {
    private ** descriptor;
}

# End of content from org.jetbrains.kotlinx:kotlinx-serialization-core-jvm:1.11.0 (extracted file: /home/runner/.gradle/caches/9.7.0/transforms/c798714888b29aa0e8a37aee8c1f8ba6/transformed/shrink-rules/lib/META-INF/com.android.tools/r8/kotlinx-serialization-common.pro)
# The proguard configuration file for the following section is androidx.savedstate:savedstate:1.2.1 (extracted file: /home/runner/.gradle/caches/9.7.0/transforms/b776e8142201e40a0ab3ae34d5de6ea9/transformed/savedstate-1.2.1/proguard.txt)
# Copyright (C) 2019 The Android Open Source Project
#
# Licensed under the Apache License, Version 2.0 (the "License");
# you may not use this file except in compliance with the License.
# You may obtain a copy of the License at
#
#      http://www.apache.org/licenses/LICENSE-2.0
#
# Unless required by applicable law or agreed to in writing, software
# distributed under the License is distributed on an "AS IS" BASIS,
# WITHOUT WARRANTIES OR CONDITIONS OF ANY KIND, either express or implied.
# See the License for the specific language governing permissions and
# limitations under the License.

-keepclassmembers,allowobfuscation class * implements androidx.savedstate.SavedStateRegistry$AutoRecreated {
    <init>();
}

# End of content from androidx.savedstate:savedstate:1.2.1 (extracted file: /home/runner/.gradle/caches/9.7.0/transforms/b776e8142201e40a0ab3ae34d5de6ea9/transformed/savedstate-1.2.1/proguard.txt)
# The proguard configuration file for the following section is androidx.lifecycle:lifecycle-viewmodel-savedstate:2.6.1 (extracted file: /home/runner/.gradle/caches/9.7.0/transforms/aedfd989fb3d12ba71daa11db498fd7a/transformed/lifecycle-viewmodel-savedstate-2.6.1/proguard.txt)
-keepclassmembers,allowobfuscation class * extends androidx.lifecycle.ViewModel {
    <init>(androidx.lifecycle.SavedStateHandle);
}

-keepclassmembers,allowobfuscation class * extends androidx.lifecycle.AndroidViewModel {
    <init>(android.app.Application,androidx.lifecycle.SavedStateHandle);
}

# End of content from androidx.lifecycle:lifecycle-viewmodel-savedstate:2.6.1 (extracted file: /home/runner/.gradle/caches/9.7.0/transforms/aedfd989fb3d12ba71daa11db498fd7a/transformed/lifecycle-viewmodel-savedstate-2.6.1/proguard.txt)
# The proguard configuration file for the following section is androidx.lifecycle:lifecycle-viewmodel:2.6.1 (extracted file: /home/runner/.gradle/caches/9.7.0/transforms/743fc942ed4a950a2780869289210f82/transformed/lifecycle-viewmodel-2.6.1/proguard.txt)
-keepclassmembers,allowobfuscation class * extends androidx.lifecycle.ViewModel {
    <init>();
}

-keepclassmembers,allowobfuscation class * extends androidx.lifecycle.AndroidViewModel {
    <init>(android.app.Application);
}

# End of content from androidx.lifecycle:lifecycle-viewmodel:2.6.1 (extracted file: /home/runner/.gradle/caches/9.7.0/transforms/743fc942ed4a950a2780869289210f82/transformed/lifecycle-viewmodel-2.6.1/proguard.txt)
# The proguard configuration file for the following section is androidx.documentfile:documentfile:1.1.0 (extracted file: /home/runner/.gradle/caches/9.7.0/transforms/9c93a7c261b19d0d4769a761ce7640ef/transformed/documentfile-1.1.0/proguard.txt)
# Intentionally empty proguard rules to indicate this library is safe to shrink

# End of content from androidx.documentfile:documentfile:1.1.0 (extracted file: /home/runner/.gradle/caches/9.7.0/transforms/9c93a7c261b19d0d4769a761ce7640ef/transformed/documentfile-1.1.0/proguard.txt)
# The proguard configuration file for the following section is androidx.core:core:1.9.0 (extracted file: /home/runner/.gradle/caches/9.7.0/transforms/3539a7827263dac7b5950acafda430de/transformed/core-1.9.0/proguard.txt)
# Never inline methods, but allow shrinking and obfuscation.
-keepclassmembernames,allowobfuscation,allowshrinking class androidx.core.view.ViewCompat$Api* {
  <methods>;
}
-keepclassmembernames,allowobfuscation,allowshrinking class androidx.core.view.WindowInsetsCompat$*Impl* {
  <methods>;
}
-keepclassmembernames,allowobfuscation,allowshrinking class androidx.core.app.NotificationCompat$*$Api*Impl {
  <methods>;
}
-keepclassmembernames,allowobfuscation,allowshrinking class androidx.core.os.UserHandleCompat$Api*Impl {
  <methods>;
}
-keepclassmembernames,allowobfuscation,allowshrinking class androidx.core.widget.EdgeEffectCompat$Api*Impl {
  <methods>;
}

# End of content from androidx.core:core:1.9.0 (extracted file: /home/runner/.gradle/caches/9.7.0/transforms/3539a7827263dac7b5950acafda430de/transformed/core-1.9.0/proguard.txt)
# The proguard configuration file for the following section is androidx.lifecycle:lifecycle-runtime:2.6.1 (extracted file: /home/runner/.gradle/caches/9.7.0/transforms/73b60b4ecb6efc1957387cb089413f40/transformed/lifecycle-runtime-2.6.1/proguard.txt)
-keepattributes AnnotationDefault,
                RuntimeVisibleAnnotations,
                RuntimeVisibleParameterAnnotations,
                RuntimeVisibleTypeAnnotations

-keepclassmembers enum androidx.lifecycle.Lifecycle$Event {
    <fields>;
}

-keep !interface * implements androidx.lifecycle.LifecycleObserver {
}

-keep class * implements androidx.lifecycle.GeneratedAdapter {
    <init>(...);
}

-keepclassmembers class ** {
    @androidx.lifecycle.OnLifecycleEvent *;
}

# this rule is need to work properly when app is compiled with api 28, see b/142778206
# Also this rule prevents registerIn from being inlined.
-keepclassmembers class androidx.lifecycle.ReportFragment$LifecycleCallbacks { *; }
# End of content from androidx.lifecycle:lifecycle-runtime:2.6.1 (extracted file: /home/runner/.gradle/caches/9.7.0/transforms/73b60b4ecb6efc1957387cb089413f40/transformed/lifecycle-runtime-2.6.1/proguard.txt)
# The proguard configuration file for the following section is org.jetbrains.kotlinx:kotlinx-coroutines-android:1.11.0 (extracted file: /home/runner/.gradle/caches/9.7.0/transforms/2db9c55df29ca419fe5f2ea08d0d6c04/transformed/shrink-rules/lib/META-INF/com.android.tools/r8-from-1.6.0/coroutines.pro)
# Allow R8 to optimize away the FastServiceLoader.
# Together with ServiceLoader optimization in R8
# this results in direct instantiation when loading Dispatchers.Main
-assumenosideeffects class kotlinx.coroutines.internal.MainDispatcherLoader {
    boolean FAST_SERVICE_LOADER_ENABLED return false;
}

-assumenosideeffects class kotlinx.coroutines.internal.FastServiceLoaderKt {
    boolean ANDROID_DETECTED return true;
}

# Disable support for "Missing Main Dispatcher", since we always have Android main dispatcher
-assumenosideeffects class kotlinx.coroutines.internal.MainDispatchersKt {
    boolean SUPPORT_MISSING return false;
}

# Statically turn off all debugging facilities and assertions
-assumenosideeffects class kotlinx.coroutines.DebugKt {
    boolean getASSERTIONS_ENABLED() return false;
    boolean getDEBUG() return false;
    boolean getRECOVER_STACK_TRACES() return false;
}

# End of content from org.jetbrains.kotlinx:kotlinx-coroutines-android:1.11.0 (extracted file: /home/runner/.gradle/caches/9.7.0/transforms/2db9c55df29ca419fe5f2ea08d0d6c04/transformed/shrink-rules/lib/META-INF/com.android.tools/r8-from-1.6.0/coroutines.pro)
# The proguard configuration file for the following section is org.jetbrains.kotlinx:kotlinx-coroutines-core-jvm:1.11.0 (extracted file: /home/runner/.gradle/caches/9.7.0/transforms/f23babf15888b6e07487bcf8c37ad9b4/transformed/shrink-rules/lib/META-INF/com.android.tools/r8/coroutines.pro)
# When editing this file, update the following files as well:
# - META-INF/proguard/coroutines.pro
# - META-INF/com.android.tools/proguard/coroutines.pro

# Most of volatile fields are updated with AFU and should not be mangled
-keepclassmembers class kotlinx.coroutines.** {
    volatile <fields>;
}

# Same story for the standard library's SafeContinuation that also uses AtomicReferenceFieldUpdater
-keepclassmembers class kotlin.coroutines.SafeContinuation {
    volatile <fields>;
}

# These classes are only required by kotlinx.coroutines.debug.internal.AgentPremain, which is only loaded when
# kotlinx-coroutines-core is used as a Java agent, so these are not needed in contexts where ProGuard is used.
-dontwarn java.lang.instrument.ClassFileTransformer
-dontwarn sun.misc.SignalHandler
-dontwarn java.lang.instrument.Instrumentation
-dontwarn sun.misc.Signal

# Only used in `kotlinx.coroutines.internal.ExceptionsConstructor`.
# The case when it is not available is hidden in a `try`-`catch`, as well as a check for Android.
-dontwarn java.lang.ClassValue

# An annotation used for build tooling, won't be directly accessed.
-dontwarn org.codehaus.mojo.animal_sniffer.IgnoreJRERequirement

# Keep GC anchor fields that prevent the sharing coroutine from being collected.
-keepclassmembers class kotlinx.coroutines.flow.ReadonlySharedFlow {
    kotlinx.coroutines.Job job;
}
-keepclassmembers class kotlinx.coroutines.flow.ReadonlyStateFlow {
    kotlinx.coroutines.Job job;
}

# End of content from org.jetbrains.kotlinx:kotlinx-coroutines-core-jvm:1.11.0 (extracted file: /home/runner/.gradle/caches/9.7.0/transforms/f23babf15888b6e07487bcf8c37ad9b4/transformed/shrink-rules/lib/META-INF/com.android.tools/r8/coroutines.pro)