docs/screenshots/godot-android-34463877910/build-evidence/godot-comparison-builds/godot/qualification/build/modules/androidHost/outputs/mapping/release/seeds.txt
org.godotengine.godot.nativeapi.GodotNativeBridge: void vibrate(int,int)
androidx.core.view.WindowInsetsCompat$Impl: void setOverriddenInsets(androidx.core.graphics.Insets[])
androidx.core.view.ViewCompat$Api21Impl: boolean dispatchNestedScroll(android.view.View,int,int,int,int,int[])
androidx.profileinstaller.ProfileInstallerInitializer$Handler28Impl: android.os.Handler createAsync(android.os.Looper)
org.godotengine.godot.GodotGLRenderView: void configurePointerIcon(int,java.lang.String,float,float)
org.godotengine.godot.plugin.AndroidRuntimePlugin: java.lang.Object createProxyFromGodotObjectID(long,java.lang.String[])
androidx.lifecycle.ReportFragment$LifecycleCallbacks: void onActivitySaveInstanceState(android.app.Activity,android.os.Bundle)
androidx.core.view.ViewCompat$Api16Impl: int getWindowSystemUiVisibility(android.view.View)
androidx.core.view.WindowInsetsCompat$BuilderImpl20: android.view.WindowInsets createWindowInsetsInstance()
org.godotengine.godot.nativeapi.GodotNativeBridge: void nativeBuildEnvDisconnect()
androidx.core.view.WindowInsetsCompat$BuilderImpl20: void setSystemWindowInsets(androidx.core.graphics.Insets)
androidx.core.view.ViewCompat$Api16Impl: void setHasTransientState(android.view.View,boolean)
org.godotengine.godot.error.Error: org.godotengine.godot.error.Error[] values()
androidx.lifecycle.ReportFragment$LifecycleCallbacks: void onActivityPostStarted(android.app.Activity)
androidx.core.view.DisplayCutoutCompat$Api28Impl: int getSafeInsetBottom(android.view.DisplayCutout)
dev.partydeck.core.GamePhase$Companion: kotlinx.serialization.KSerializer serializer()
android.support.v4.graphics.drawable.IconCompatParcelizer: void write(androidx.core.graphics.drawable.IconCompat,androidx.versionedparcelable.VersionedParcel)
dev.partydeck.godot.bridge.PresentationMode: dev.partydeck.godot.bridge.PresentationMode valueOf(java.lang.String)
org.godotengine.godot.GodotLib: java.lang.String[] getRendererInfo(boolean)
androidx.core.view.ViewCompat$Api21Impl$1: ViewCompat$Api21Impl$1(android.view.View,androidx.core.view.OnApplyWindowInsetsListener)
androidx.core.view.ViewCompat$Api21Impl: boolean startNestedScroll(android.view.View,int)
org.godotengine.godot.tts.GodotTTS: void pauseSpeaking()
androidx.core.view.ViewCompat$Api16Impl: int getImportantForAccessibility(android.view.View)
org.godotengine.godot.nativeapi.GodotNativeBridge: android.os.Vibrator getVibratorService()
androidx.lifecycle.ReportFragment$LifecycleCallbacks: void onActivityDestroyed(android.app.Activity)
org.godotengine.godot.nativeapi.GodotNativeBridge: boolean requestPermissions()
androidx.core.view.ViewCompat$Api16Impl: boolean performAccessibilityAction(android.view.View,int,android.os.Bundle)
org.godotengine.godot.input.InputEventRunnable$EventType: org.godotengine.godot.input.InputEventRunnable$EventType valueOf(java.lang.String)
kotlinx.serialization.json.ClassDiscriminatorMode: kotlinx.serialization.json.ClassDiscriminatorMode valueOf(java.lang.String)
dev.partydeck.games.EngineFailure: dev.partydeck.games.EngineFailure[] values()
androidx.core.provider.DocumentsContractCompat$DocumentsContractApi21Impl: android.net.Uri buildChildDocumentsUriUsingTree(android.net.Uri,java.lang.String)
androidx.core.view.WindowInsetsCompat$Impl20: WindowInsetsCompat$Impl20(androidx.core.view.WindowInsetsCompat,androidx.core.view.WindowInsetsCompat$Impl20)
org.godotengine.godot.plugin.GodotPlugin: boolean nativeRegisterSingleton(java.lang.String,java.lang.Object)
androidx.core.view.WindowInsetsCompat$BuilderImpl: void setInsets(int,androidx.core.graphics.Insets)
androidx.activity.Api34Impl: int swipeEdge(android.window.BackEvent)
androidx.core.view.ViewCompat$Api21Impl: void setBackgroundTintMode(android.view.View,android.graphics.PorterDuff$Mode)
org.godotengine.godot.nativeapi.GodotNativeBridge: void nativeSetPiPModeAspectRatio(int,int)
org.godotengine.godot.gl.GLSurfaceView: int getDebugFlags()