docs/screenshots/godot-android-34463877910/build-evidence/godot-comparison-builds/godot/qualification/build/modules/androidHost/outputs/mapping/release/mapping.txt
# compiler: R8
# compiler_version: 9.3.16
# min_api: 26
# common_typos_disable
# {"id":"com.android.tools.r8.mapping","version":"2.2"}
# pg_map_id: ce788db79b1a29df028710cd4f4f69064309809c12987fc46d82ed9623d19964
# pg_map_hash: SHA-256 ce788db79b1a29df028710cd4f4f69064309809c12987fc46d82ed9623d19964
...
androidx.activity.result.ActivityResultRegistry$1 -> androidx.activity.result.ActivityResultRegistry$1:
# {"id":"sourceFile","fileName":"ActivityResultRegistry.java"}
    1:9:void onStateChanged(androidx.lifecycle.LifecycleOwner,androidx.lifecycle.Lifecycle$Event):136:136 -> a
      # {"id":"com.android.tools.r8.residualsignature","signature":"(Lvd;Lsd;)V"}
    10:17:void onStateChanged(androidx.lifecycle.LifecycleOwner,androidx.lifecycle.Lifecycle$Event):151:151 -> a
    18:26:void onStateChanged(androidx.lifecycle.LifecycleOwner,androidx.lifecycle.Lifecycle$Event):153:153 -> a
    27:27:void onStateChanged(androidx.lifecycle.LifecycleOwner,androidx.lifecycle.Lifecycle$Event):154:154 -> a
    28:28:void onStateChanged(androidx.lifecycle.LifecycleOwner,androidx.lifecycle.Lifecycle$Event):152:152 -> a
    29:29:void onStateChanged(androidx.lifecycle.LifecycleOwner,androidx.lifecycle.Lifecycle$Event):137:137 -> a
androidx.activity.result.ActivityResultRegistry$3 -> u:
# {"id":"sourceFile","fileName":"ActivityResultRegistry.java"}
    int ActivityResultRegistry$3.$r8$classId -> a
      # {"id":"com.android.tools.r8.synthesized"}
    java.lang.String val$key -> b
      # {"id":"com.android.tools.r8.residualsignature","signature":"Ljava/lang/Object;"}
    androidx.activity.result.ActivityResultRegistry this$0 -> c
      # {"id":"com.android.tools.r8.residualsignature","signature":"Ljava/lang/Object;"}
    4:10:void org.godotengine.godot.io.directory.FilesystemDirectoryAccess.<init>(android.content.Context,org.godotengine.godot.io.StorageScope$Identifier):48:48 -> <init>
      # {"id":"com.android.tools.r8.residualsignature","signature":"(Landroid/content/Context;Lkk;)V"}
    11:21:void org.godotengine.godot.io.directory.FilesystemDirectoryAccess.<init>(android.content.Context,org.godotengine.godot.io.StorageScope$Identifier):57:57 -> <init>
    22:27:void org.godotengine.godot.io.directory.FilesystemDirectoryAccess.<init>(android.content.Context,org.godotengine.godot.io.StorageScope$Identifier):59:59 -> <init>
    28:29:void dev.partydeck.godot.android.NativeSignalDispatch.<init>(kotlin.jvm.functions.Function1,kotlin.jvm.functions.Function0):19:20 -> <init>
      # {"id":"com.android.tools.r8.residualsignature","signature":"(Lbg;)V"}
    30:30:void dev.partydeck.godot.android.NativeSignalDispatch.<init>(kotlin.jvm.functions.Function1,kotlin.jvm.functions.Function0):23:23 -> <init>
androidx.activity.result.ActivityResultRegistry$CallbackAndContract -> v:
# {"id":"sourceFile","fileName":"ActivityResultRegistry.java"}
    androidx.activity.result.ActivityResultCallback mCallback -> a
      # {"id":"com.android.tools.r8.residualsignature","signature":"Lb7;"}
    androidx.activity.result.contract.ActivityResultContract mContract -> b
      # {"id":"com.android.tools.r8.residualsignature","signature":"Lcl;"}
    1:3:void <init>(androidx.activity.result.ActivityResultCallback,androidx.activity.result.contract.ActivityResultContract):461:461 -> <init>
      # {"id":"com.android.tools.r8.residualsignature","signature":"(Lb7;Lcl;)V"}
    4:5:void <init>(androidx.activity.result.ActivityResultCallback,androidx.activity.result.contract.ActivityResultContract):462:462 -> <init>
    6:8:void <init>(androidx.activity.result.ActivityResultCallback,androidx.activity.result.contract.ActivityResultContract):463:463 -> <init>