docs/screenshots/godot-android-34463877910/build-evidence/godot-comparison-builds/godot/qualification/build/modules/androidHost/outputs/mapping/release/usage.txt
androidx.core.view.GestureDetectorCompat$GestureDetectorCompatImplJellybeanMr2
androidx.core.view.GestureDetectorCompat
androidx.core.view.GravityCompat$Api17Impl
androidx.core.view.GravityCompat
androidx.core.view.InputDeviceCompat
androidx.core.view.KeyEventDispatcher:
    private void <init>()
androidx.core.view.LayoutInflaterCompat$Factory2Wrapper
androidx.core.view.LayoutInflaterCompat:
    private static final java.lang.String TAG
    private static boolean sCheckedField
    private static java.lang.reflect.Field sLayoutInflaterFactory2Field
    private void <init>()
    private static void forceSetFactory2(android.view.LayoutInflater,android.view.LayoutInflater$Factory2)
    public static androidx.core.view.LayoutInflaterFactory getFactory(android.view.LayoutInflater)
    public static void setFactory(android.view.LayoutInflater,androidx.core.view.LayoutInflaterFactory)
androidx.core.view.LayoutInflaterFactory
androidx.core.view.MarginLayoutParamsCompat$Api17Impl
androidx.core.view.MarginLayoutParamsCompat
androidx.core.view.MenuCompat$Api28Impl
androidx.core.view.MenuCompat
androidx.core.view.MenuHost:
    public abstract void addMenuProvider(androidx.core.view.MenuProvider,androidx.lifecycle.LifecycleOwner)
    public abstract void addMenuProvider(androidx.core.view.MenuProvider,androidx.lifecycle.LifecycleOwner,androidx.lifecycle.Lifecycle$State)
    public abstract void invalidateMenu()
androidx.core.view.MenuHostHelper$LifecycleContainer:
    final androidx.lifecycle.Lifecycle mLifecycle
    private androidx.lifecycle.LifecycleEventObserver mObserver
    void <init>(androidx.lifecycle.Lifecycle,androidx.lifecycle.LifecycleEventObserver)
androidx.core.view.MenuHostHelper:
    public void addMenuProvider(androidx.core.view.MenuProvider,androidx.lifecycle.LifecycleOwner)
    public void addMenuProvider(androidx.core.view.MenuProvider,androidx.lifecycle.LifecycleOwner,androidx.lifecycle.Lifecycle$State)
    private synthetic void lambda$addMenuProvider$0(androidx.core.view.MenuProvider,androidx.lifecycle.LifecycleOwner,androidx.lifecycle.Lifecycle$Event)
    private synthetic void lambda$addMenuProvider$1(androidx.lifecycle.Lifecycle$State,androidx.core.view.MenuProvider,androidx.lifecycle.LifecycleOwner,androidx.lifecycle.Lifecycle$Event)
androidx.core.view.MenuItemCompat$1
androidx.core.view.MenuItemCompat$Api26Impl
androidx.core.view.MenuItemCompat$OnActionExpandListener
androidx.core.view.MenuItemCompat
androidx.core.view.MenuKt$children$1
androidx.core.view.MenuKt$iterator$1
androidx.core.view.MenuKt
androidx.core.view.MotionEventCompat
androidx.core.view.NestedScrollingChild2
androidx.core.view.NestedScrollingChild3
androidx.core.view.NestedScrollingChild
androidx.core.view.NestedScrollingChildHelper
androidx.core.view.NestedScrollingParent2
androidx.core.view.NestedScrollingParent3
androidx.core.view.NestedScrollingParent
androidx.core.view.NestedScrollingParentHelper
androidx.core.view.OnReceiveContentListener
androidx.core.view.OnReceiveContentViewBehavior
androidx.core.view.PointerIconCompat$Api24Impl
androidx.core.view.PointerIconCompat
androidx.core.view.ScaleGestureDetectorCompat$Api19Impl
androidx.core.view.ScaleGestureDetectorCompat
androidx.core.view.ScrollingView
androidx.core.view.TintableBackgroundView
androidx.core.view.VelocityTrackerCompat
androidx.core.view.ViewCompat$$InternalSyntheticLambda$1$e3cdbeb62374cdd4f3b5b60cae1e30d9577b5e988cde694d4987a36632fcbb6b$0:
    public final androidx.core.view.ContentInfoCompat onReceiveContent(androidx.core.view.ContentInfoCompat)
androidx.core.view.ViewCompat$1
androidx.core.view.ViewCompat$2:
    void frameworkSet(android.view.View,java.lang.CharSequence)
    synthetic bridge void frameworkSet(android.view.View,java.lang.Object)
    boolean shouldUpdate(java.lang.CharSequence,java.lang.CharSequence)
    synthetic bridge boolean shouldUpdate(java.lang.Object,java.lang.Object)
androidx.core.view.ViewCompat$3
androidx.core.view.ViewCompat$4